TN:
SF:src/index.js
FN:16,(anonymous_0)
FN:17,(anonymous_1)
FN:21,(anonymous_2)
FN:25,(anonymous_3)
FN:26,(anonymous_4)
FN:29,(anonymous_5)
FN:37,(anonymous_6)
FNF:7
FNH:4
FNDA:0,(anonymous_0)
FNDA:0,(anonymous_1)
FNDA:2,(anonymous_2)
FNDA:2,(anonymous_3)
FNDA:0,(anonymous_4)
FNDA:1,(anonymous_5)
FNDA:1,(anonymous_6)
DA:1,2
DA:2,2
DA:3,2
DA:5,2
DA:7,2
DA:9,2
DA:12,2
DA:16,0
DA:17,0
DA:19,2
DA:21,2
DA:22,2
DA:24,2
DA:25,2
DA:26,0
DA:29,2
DA:31,1
DA:37,1
DA:40,2
LF:19
LH:16
BRF:0
BRH:0
end_of_record
TN:
SF:src/models/Item.js
FNF:0
FNH:0
DA:1,3
DA:2,3
DA:4,3
DA:19,3
LF:4
LH:4
BRF:0
BRH:0
end_of_record
